[2022-05-11 22:01:00]	link failed !, exit code: 1
  at unify_builder.Program.Main (System.String[] args) [0x01a04] in <de737e32be564f2a8d381213a3bdbc04>:0 
---
Error: L6200E: Symbol draw multiply defined (by oled.o and main.o).
Error: L6200E: Symbol u8x8_byte_hw_i2c multiply defined (by oled.o and main.o).
Error: L6200E: Symbol delay_us multiply defined (by oled.o and main.o).
Error: L6200E: Symbol u8g2Init multiply defined (by oled.o and main.o).
Error: L6200E: Symbol u8x8_gpio_and_delay multiply defined (by oled.o and main.o).
Not enough information to list image symbols.
Not enough information to list the image map.
Finished: 2 information, 0 warning and 5 error messages.


[2022-05-11 22:08:33]	link failed !, exit code: 1
  at unify_builder.Program.Main (System.String[] args) [0x01a04] in <de737e32be564f2a8d381213a3bdbc04>:0 
---
Error: L6218E: Undefined symbol u8x8_d_ssd1306_102x64_ea_oleds102 (referred from u8g2_d_setup.o).
Not enough information to list image symbols.
Finished: 1 information, 0 warning and 1 error messages.


[2022-05-11 22:19:46]	link failed !, exit code: 1
  at unify_builder.Program.Main (System.String[] args) [0x01a04] in <de737e32be564f2a8d381213a3bdbc04>:0 
---
Error: L6218E: Undefined symbol u8x8_d_ssd1306_102x64_ea_oleds102 (referred from u8g2_d_setup.o).
Not enough information to list image symbols.
Finished: 1 information, 0 warning and 1 error messages.


[2022-05-11 22:28:09]	[done]
	build successfully !

